<?xml version="1.0" encoding="UTF-8"?>
<!-- Generated by org.testng.reporters.JUnitXMLReporter -->
<testsuite ignored="0" hostname="Sakshi" failures="0" tests="6" name="TutorialNinjaTests" time="33.63" errors="0" timestamp="2025-09-10T02:55:07 IST">
  <testcase classname="testcases.RegistrationTest" name="registerWithValidDetails" time="2.801"/>
  <testcase classname="testcases.LoginTest" name="loginWithValidCredentials" time="1.48"/>
  <testcase classname="testcases.SearchTest" name="searchInvalidProduct" time="0.635"/>
  <testcase classname="testcases.SearchTest" name="searchValidProduct" time="1.239"/>
  <testcase classname="testcases.CartTest" name="addProductToCart" time="1.799"/>
  <testcase classname="testcases.RemoveFromCartTest" name="removeProductFromCart" time="3.422"/>
</testsuite> <!-- TutorialNinjaTests -->
